<?xml version="1.0" encoding="UTF-8" ?>
<testsuite tests="77" failures="0" name="ru.spbau.mit.francleene.HashMap.HashMapTest" time="0.033" errors="0" skipped="0">
  <properties>
[...]
</properties>
  <testcase classname="ru.spbau.mit.francleene.HashMap.HashMapTest" name="getDoublePutSameValue" time="0.005"/>
  <testcase classname="ru.spbau.mit.francleene.HashMap.HashMapTest" name="containsNullElementContain" time="0.001"/>
  <testcase classname="ru.spbau.mit.francleene.HashMap.HashMapTest" name="removeReturnValueAnotherElement" time="0"/>
  <testcase classname="ru.spbau.mit.francleene.HashMap.HashMapTest" name="containsAfterGetExistedElement" time="0"/>
  <testcase classname="ru.spbau.mit.francleene.HashMap.HashMapTest" name="putReturnValueDifferentKeys" time="0.001"/>
  <testcase classname="ru.spbau.mit.francleene.HashMap.HashMapTest" name="constructorSpecificCapacityContainsTrue" time="0"/>
  <testcase classname="ru.spbau.mit.francleene.HashMap.HashMapTest" name="removeReturnValueNullKeyDoNotExist" time="0.002"/>
  <testcase classname="ru.spbau.mit.francleene.HashMap.HashMapTest" name="clearNonEmptyList" time="0.001"/>
  <testcase classname="ru.spbau.mit.francleene.HashMap.HashMapTest" name="getAfterGetExistedElement" time="0"/>
  <testcase classname="ru.spbau.mit.francleene.HashMap.HashMapTest" name="putReturnValueNullValue" time="0"/>
  <testcase classname="ru.spbau.mit.francleene.HashMap.HashMapTest" name="getAfterRemoveContain" time="0"/>
  <testcase classname="ru.spbau.mit.francleene.HashMap.HashMapTest" name="containsOneElementContain" time="0"/>
  <testcase classname="ru.spbau.mit.francleene.HashMap.HashMapTest" name="getAfterGetNotExistedElement" time="0.001"/>
  <testcase classname="ru.spbau.mit.francleene.HashMap.HashMapTest" name="containsNullElementDoNotContain" time="0"/>
  <testcase classname="ru.spbau.mit.francleene.HashMap.HashMapTest" name="getEmptyList" time="0"/>
  <testcase classname="ru.spbau.mit.francleene.HashMap.HashMapTest" name="sizeRemoveOneExistedElement" time="0"/>
  <testcase classname="ru.spbau.mit.francleene.HashMap.HashMapTest" name="putFewDifferentElements" time="0"/>
  <testcase classname="ru.spbau.mit.francleene.HashMap.HashMapTest" name="putReturnValueDoubleNullKey" time="0.001"/>
  <testcase classname="ru.spbau.mit.francleene.HashMap.HashMapTest" name="sizeRemoveOneNonExistedElement" time="0"/>
  <testcase classname="ru.spbau.mit.francleene.HashMap.HashMapTest" name="removeNullKeyExist" time="0"/>
  <testcase classname="ru.spbau.mit.francleene.HashMap.HashMapTest" name="sizeGetNotExistedElement" time="0"/>
  <testcase classname="ru.spbau.mit.francleene.HashMap.HashMapTest" name="constructorSpecificCapacityGetExistedElement" time="0"/>
  <testcase classname="ru.spbau.mit.francleene.HashMap.HashMapTest" name="putOneNotNullElement" time="0"/>
  <testcase classname="ru.spbau.mit.francleene.HashMap.HashMapTest" name="constructorSpecificCapacitySizeEmptyMap" time="0"/>
  <testcase classname="ru.spbau.mit.francleene.HashMap.HashMapTest" name="sizeGetExistedElement" time="0"/>
  <testcase classname="ru.spbau.mit.francleene.HashMap.HashMapTest" name="getNullKeyElementContain" time="0.001"/>
  <testcase classname="ru.spbau.mit.francleene.HashMap.HashMapTest" name="removeReturnValueEmptyList" time="0.002"/>
  <testcase classname="ru.spbau.mit.francleene.HashMap.HashMapTest" name="containsAfterRemoveDoNotContain" time="0.001"/>
  <testcase classname="ru.spbau.mit.francleene.HashMap.HashMapTest" name="removeOneElement" time="0.005"/>
  <testcase classname="ru.spbau.mit.francleene.HashMap.HashMapTest" name="constructorSpecificCapacityPut" time="0"/>
  <testcase classname="ru.spbau.mit.francleene.HashMap.HashMapTest" name="getNullKeyElementDoNotContain" time="0.001"/>
  <testcase classname="ru.spbau.mit.francleene.HashMap.HashMapTest" name="sizeRemoveFewNotExistedElements" time="0.001"/>
  <testcase classname="ru.spbau.mit.francleene.HashMap.HashMapTest" name="sizeRemoveFewExistedElements" time="0.001"/>
  <testcase classname="ru.spbau.mit.francleene.HashMap.HashMapTest" name="removeNullKeyDoNotExist" time="0.003"/>
  <testcase classname="ru.spbau.mit.francleene.HashMap.HashMapTest" name="containsAfterRemoveContain" time="0"/>
  <testcase classname="ru.spbau.mit.francleene.HashMap.HashMapTest" name="constructorSpecificCapacityClear" time="0"/>
  <testcase classname="ru.spbau.mit.francleene.HashMap.HashMapTest" name="getDoublePutDifferentValue" time="0"/>
  <testcase classname="ru.spbau.mit.francleene.HashMap.HashMapTest" name="removeAnotherElement" time="0"/>
  <testcase classname="ru.spbau.mit.francleene.HashMap.HashMapTest" name="putReturnValueEmptyList" time="0"/>
  <testcase classname="ru.spbau.mit.francleene.HashMap.HashMapTest" name="containsAfterClear" time="0.001"/>
  <testcase classname="ru.spbau.mit.francleene.HashMap.HashMapTest" name="putFewSameElements" time="0"/>
  <testcase classname="ru.spbau.mit.francleene.HashMap.HashMapTest" name="sizeAddSameElements" time="0"/>
  <testcase classname="ru.spbau.mit.francleene.HashMap.HashMapTest" name="removeReturnValueOneElement" time="0"/>
  <testcase classname="ru.spbau.mit.francleene.HashMap.HashMapTest" name="sizeEmptyHashMap" time="0"/>
  <testcase classname="ru.spbau.mit.francleene.HashMap.HashMapTest" name="sizeClear" time="0.001"/>
  <testcase classname="ru.spbau.mit.francleene.HashMap.HashMapTest" name="putElementNullKey" time="0"/>
  <testcase classname="ru.spbau.mit.francleene.HashMap.HashMapTest" name="sizeContainsNotExistedElement" time="0"/>
  <testcase classname="ru.spbau.mit.francleene.HashMap.HashMapTest" name="getFewElementsContain" time="0"/>
  <testcase classname="ru.spbau.mit.francleene.HashMap.HashMapTest" name="containsFewElementsDoNotContain" time="0"/>
  <testcase classname="ru.spbau.mit.francleene.HashMap.HashMapTest" name="putElementNullValue" time="0"/>
  <testcase classname="ru.spbau.mit.francleene.HashMap.HashMapTest" name="sizeContainsExistedElement" time="0.001"/>
  <testcase classname="ru.spbau.mit.francleene.HashMap.HashMapTest" name="removeEmptyList" time="0"/>
  <testcase classname="ru.spbau.mit.francleene.HashMap.HashMapTest" name="putReturnValueSameKeys" time="0"/>
  <testcase classname="ru.spbau.mit.francleene.HashMap.HashMapTest" name="containsAfterGetNotExistedElement" time="0.001"/>
  <testcase classname="ru.spbau.mit.francleene.HashMap.HashMapTest" name="getAfterRemoveDoNotContain" time="0"/>
  <testcase classname="ru.spbau.mit.francleene.HashMap.HashMapTest" name="constructorSpecificCapacityContainsFalse" time="0"/>
  <testcase classname="ru.spbau.mit.francleene.HashMap.HashMapTest" name="sizeAddNullElement" time="0"/>
  <testcase classname="ru.spbau.mit.francleene.HashMap.HashMapTest" name="sizeAddFewDifferentElements" time="0"/>
  <testcase classname="ru.spbau.mit.francleene.HashMap.HashMapTest" name="containsOneElementDoNotContain" time="0"/>
  <testcase classname="ru.spbau.mit.francleene.HashMap.HashMapTest" name="getAfterClear" time="0"/>
  <testcase classname="ru.spbau.mit.francleene.HashMap.HashMapTest" name="containsEmptyList" time="0"/>
  <testcase classname="ru.spbau.mit.francleene.HashMap.HashMapTest" name="clearEmptyList" time="0"/>
  <testcase classname="ru.spbau.mit.francleene.HashMap.HashMapTest" name="getOneElementDoNotContain" time="0.001"/>
  <testcase classname="ru.spbau.mit.francleene.HashMap.HashMapTest" name="constructorSpecificCapacityRemove" time="0"/>
  <testcase classname="ru.spbau.mit.francleene.HashMap.HashMapTest" name="putFewElementsNullKey" time="0"/>
  <testcase classname="ru.spbau.mit.francleene.HashMap.HashMapTest" name="removeReturnValueNullKeyExist" time="0"/>
  <testcase classname="ru.spbau.mit.francleene.HashMap.HashMapTest" name="getNullValueElement" time="0"/>
  <testcase classname="ru.spbau.mit.francleene.HashMap.HashMapTest" name="getOneElementContain" time="0"/>
  <testcase classname="ru.spbau.mit.francleene.HashMap.HashMapTest" name="removeReturnValueNullValue" time="0"/>
  <testcase classname="ru.spbau.mit.francleene.HashMap.HashMapTest" name="constructorSpecificCapacitySizeNonEmptyMap" time="0"/>
  <testcase classname="ru.spbau.mit.francleene.HashMap.HashMapTest" name="constructorSpecificCapacityGetNotExistedElement" time="0.001"/>
  <testcase classname="ru.spbau.mit.francleene.HashMap.HashMapTest" name="putReturnValueNullKey" time="0"/>
  <testcase classname="ru.spbau.mit.francleene.HashMap.HashMapTest" name="putReturnValueDoubleNullValue" time="0"/>
  <testcase classname="ru.spbau.mit.francleene.HashMap.HashMapTest" name="containsFewElementsContain" time="0"/>
  <testcase classname="ru.spbau.mit.francleene.HashMap.HashMapTest" name="containsDoublePut" time="0"/>
  <testcase classname="ru.spbau.mit.francleene.HashMap.HashMapTest" name="sizeAddOneElement" time="0"/>
  <testcase classname="ru.spbau.mit.francleene.HashMap.HashMapTest" name="getFewElementsDoNotContain" time="0"/>
</testsuite>