<?xml version="1.0" encoding="UTF-8" ?>
<testsuite tests="68" failures="0" name="ru.spbau.mit.francleene.ListMap.ListMapTest" time="0.021" errors="0" skipped="0">
  <properties>
[...]
</properties>
  <testcase classname="ru.spbau.mit.francleene.ListMap.ListMapTest" name="getDoublePutSameValue" time="0.001"/>
  <testcase classname="ru.spbau.mit.francleene.ListMap.ListMapTest" name="containsNullElementContain" time="0"/>
  <testcase classname="ru.spbau.mit.francleene.ListMap.ListMapTest" name="removeReturnValueAnotherElement" time="0"/>
  <testcase classname="ru.spbau.mit.francleene.ListMap.ListMapTest" name="containsAfterGetExistedElement" time="0"/>
  <testcase classname="ru.spbau.mit.francleene.ListMap.ListMapTest" name="putReturnValueDifferentKeys" time="0"/>
  <testcase classname="ru.spbau.mit.francleene.ListMap.ListMapTest" name="removeReturnValueNullKeyDoNotExist" time="0"/>
  <testcase classname="ru.spbau.mit.francleene.ListMap.ListMapTest" name="clearNonEmptyList" time="0.001"/>
  <testcase classname="ru.spbau.mit.francleene.ListMap.ListMapTest" name="getAfterGetExistedElement" time="0"/>
  <testcase classname="ru.spbau.mit.francleene.ListMap.ListMapTest" name="putReturnValueNullValue" time="0.001"/>
  <testcase classname="ru.spbau.mit.francleene.ListMap.ListMapTest" name="getAfterRemoveContain" time="0"/>
  <testcase classname="ru.spbau.mit.francleene.ListMap.ListMapTest" name="containsOneElementContain" time="0"/>
  <testcase classname="ru.spbau.mit.francleene.ListMap.ListMapTest" name="getAfterGetNotExistedElement" time="0"/>
  <testcase classname="ru.spbau.mit.francleene.ListMap.ListMapTest" name="containsNullElementDoNotContain" time="0.001"/>
  <testcase classname="ru.spbau.mit.francleene.ListMap.ListMapTest" name="getEmptyList" time="0"/>
  <testcase classname="ru.spbau.mit.francleene.ListMap.ListMapTest" name="sizeRemoveOneExistedElement" time="0"/>
  <testcase classname="ru.spbau.mit.francleene.ListMap.ListMapTest" name="putFewDifferentElements" time="0.001"/>
  <testcase classname="ru.spbau.mit.francleene.ListMap.ListMapTest" name="putReturnValueDoubleNullKey" time="0"/>
  <testcase classname="ru.spbau.mit.francleene.ListMap.ListMapTest" name="sizeRemoveOneNonExistedElement" time="0.001"/>
  <testcase classname="ru.spbau.mit.francleene.ListMap.ListMapTest" name="removeNullKeyExist" time="0"/>
  <testcase classname="ru.spbau.mit.francleene.ListMap.ListMapTest" name="sizeGetNotExistedElement" time="0"/>
  <testcase classname="ru.spbau.mit.francleene.ListMap.ListMapTest" name="putOneNotNullElement" time="0"/>
  <testcase classname="ru.spbau.mit.francleene.ListMap.ListMapTest" name="sizeGetExistedElement" time="0"/>
  <testcase classname="ru.spbau.mit.francleene.ListMap.ListMapTest" name="getNullKeyElementContain" time="0"/>
  <testcase classname="ru.spbau.mit.francleene.ListMap.ListMapTest" name="removeReturnValueEmptyList" time="0"/>
  <testcase classname="ru.spbau.mit.francleene.ListMap.ListMapTest" name="containsAfterRemoveDoNotContain" time="0.001"/>
  <testcase classname="ru.spbau.mit.francleene.ListMap.ListMapTest" name="removeOneElement" time="0"/>
  <testcase classname="ru.spbau.mit.francleene.ListMap.ListMapTest" name="getNullKeyElementDoNotContain" time="0"/>
  <testcase classname="ru.spbau.mit.francleene.ListMap.ListMapTest" name="sizeRemoveFewNotExistedElements" time="0"/>
  <testcase classname="ru.spbau.mit.francleene.ListMap.ListMapTest" name="sizeRemoveFewExistedElements" time="0"/>
  <testcase classname="ru.spbau.mit.francleene.ListMap.ListMapTest" name="removeNullKeyDoNotExist" time="0"/>
  <testcase classname="ru.spbau.mit.francleene.ListMap.ListMapTest" name="containsAfterRemoveContain" time="0"/>
  <testcase classname="ru.spbau.mit.francleene.ListMap.ListMapTest" name="sizeEmptyListMap" time="0"/>
  <testcase classname="ru.spbau.mit.francleene.ListMap.ListMapTest" name="getDoublePutDifferentValue" time="0"/>
  <testcase classname="ru.spbau.mit.francleene.ListMap.ListMapTest" name="removeAnotherElement" time="0"/>
  <testcase classname="ru.spbau.mit.francleene.ListMap.ListMapTest" name="putReturnValueEmptyList" time="0"/>
  <testcase classname="ru.spbau.mit.francleene.ListMap.ListMapTest" name="containsAfterClear" time="0"/>
  <testcase classname="ru.spbau.mit.francleene.ListMap.ListMapTest" name="putFewSameElements" time="0"/>
  <testcase classname="ru.spbau.mit.francleene.ListMap.ListMapTest" name="sizeAddSameElements" time="0"/>
  <testcase classname="ru.spbau.mit.francleene.ListMap.ListMapTest" name="removeReturnValueOneElement" time="0"/>
  <testcase classname="ru.spbau.mit.francleene.ListMap.ListMapTest" name="sizeClear" time="0.004"/>
  <testcase classname="ru.spbau.mit.francleene.ListMap.ListMapTest" name="putElementNullKey" time="0.001"/>
  <testcase classname="ru.spbau.mit.francleene.ListMap.ListMapTest" name="sizeContainsNotExistedElement" time="0"/>
  <testcase classname="ru.spbau.mit.francleene.ListMap.ListMapTest" name="getFewElementsContain" time="0.001"/>
  <testcase classname="ru.spbau.mit.francleene.ListMap.ListMapTest" name="containsFewElementsDoNotContain" time="0.004"/>
  <testcase classname="ru.spbau.mit.francleene.ListMap.ListMapTest" name="putElementNullValue" time="0"/>
  <testcase classname="ru.spbau.mit.francleene.ListMap.ListMapTest" name="sizeContainsExistedElement" time="0"/>
  <testcase classname="ru.spbau.mit.francleene.ListMap.ListMapTest" name="removeEmptyList" time="0"/>
  <testcase classname="ru.spbau.mit.francleene.ListMap.ListMapTest" name="putReturnValueSameKeys" time="0"/>
  <testcase classname="ru.spbau.mit.francleene.ListMap.ListMapTest" name="containsAfterGetNotExistedElement" time="0"/>
  <testcase classname="ru.spbau.mit.francleene.ListMap.ListMapTest" name="getAfterRemoveDoNotContain" time="0"/>
  <testcase classname="ru.spbau.mit.francleene.ListMap.ListMapTest" name="sizeAddNullElement" time="0"/>
  <testcase classname="ru.spbau.mit.francleene.ListMap.ListMapTest" name="sizeAddFewDifferentElements" time="0.001"/>
  <testcase classname="ru.spbau.mit.francleene.ListMap.ListMapTest" name="containsOneElementDoNotContain" time="0"/>
  <testcase classname="ru.spbau.mit.francleene.ListMap.ListMapTest" name="getAfterClear" time="0"/>
  <testcase classname="ru.spbau.mit.francleene.ListMap.ListMapTest" name="containsEmptyList" time="0.001"/>
  <testcase classname="ru.spbau.mit.francleene.ListMap.ListMapTest" name="clearEmptyList" time="0"/>
  <testcase classname="ru.spbau.mit.francleene.ListMap.ListMapTest" name="getOneElementDoNotContain" time="0"/>
  <testcase classname="ru.spbau.mit.francleene.ListMap.ListMapTest" name="putFewElementsNullKey" time="0"/>
  <testcase classname="ru.spbau.mit.francleene.ListMap.ListMapTest" name="removeReturnValueNullKeyExist" time="0"/>
  <testcase classname="ru.spbau.mit.francleene.ListMap.ListMapTest" name="getNullValueElement" time="0"/>
  <testcase classname="ru.spbau.mit.francleene.ListMap.ListMapTest" name="getOneElementContain" time="0"/>
  <testcase classname="ru.spbau.mit.francleene.ListMap.ListMapTest" name="removeReturnValueNullValue" time="0.001"/>
  <testcase classname="ru.spbau.mit.francleene.ListMap.ListMapTest" name="putReturnValueNullKey" time="0"/>
  <testcase classname="ru.spbau.mit.francleene.ListMap.ListMapTest" name="putReturnValueDoubleNullValue" time="0"/>
  <testcase classname="ru.spbau.mit.francleene.ListMap.ListMapTest" name="containsFewElementsContain" time="0"/>
  <testcase classname="ru.spbau.mit.francleene.ListMap.ListMapTest" name="containsDoublePut" time="0.001"/>
  <testcase classname="ru.spbau.mit.francleene.ListMap.ListMapTest" name="sizeAddOneElement" time="0"/>
  <testcase classname="ru.spbau.mit.francleene.ListMap.ListMapTest" name="getFewElementsDoNotContain" time="0"/>
</testsuite>